<?xml version="1.0" encoding="UTF-8"?>
<testng-results ignored="0" total="1" passed="1" failed="0" skipped="0">
  <reporter-output>
  </reporter-output>
  <suite started-at="2023-03-29T00:52:07 IST" name="CoreCreditV1" finished-at="2023-03-29T00:52:44 IST" duration-ms="37287">
    <groups>
    </groups>
    <test started-at="2023-03-29T00:52:07 IST" name="BankingApp" finished-at="2023-03-29T00:52:44 IST" duration-ms="37287">
      <class name="in.corecreditv1.testcases.TC_AddCutomerTest_003">
        <test-method is-config="true" signature="setup(java.lang.String)[pri:0, instance:in.corecreditv1.testcases.TC_AddCutomerTest_003@747ddf94]" started-at="2023-03-29T00:52:08 IST" name="setup" finished-at="2023-03-29T00:52:14 IST" duration-ms="6076" status="PASS">
          <params>
            <param index="0">
              <value>
                <![CDATA[chrome]]>
              </value>
            </param>
          </params>
          <reporter-output>
          </reporter-output>
        </test-method> <!-- setup -->
        <test-method signature="addNewCustomer()[pri:0, instance:in.corecreditv1.testcases.TC_AddCutomerTest_003@747ddf94]" started-at="2023-03-29T00:52:14 IST" name="addNewCustomer" finished-at="2023-03-29T00:52:44 IST" duration-ms="30588" status="PASS">
          <reporter-output>
          </reporter-output>
        </test-method> <!-- addNewCustomer -->
        <test-method is-config="true" signature="tearDown()[pri:0, instance:in.corecreditv1.testcases.TC_AddCutomerTest_003@747ddf94]" started-at="2023-03-29T00:52:44 IST" name="tearDown" finished-at="2023-03-29T00:52:44 IST" duration-ms="1" status="PASS">
          <reporter-output>
          </reporter-output>
        </test-method> <!-- tearDown -->
      </class> <!-- in.corecreditv1.testcases.TC_AddCutomerTest_003 -->
    </test> <!-- BankingApp -->
  </suite> <!-- CoreCreditV1 -->
</testng-results>
